<?xml version="1.0" ?>
<testsuite errors="0" failures="0" name="TestRun-20181105125724" tests="8" time="0.005">
	<testcase classname="TestRun" name="test_crearCSV" time="0.000"/>
	<testcase classname="TestRun" name="test_generacionLista" time="0.001"/>
	<testcase classname="TestRun" name="test_listaT" time="0.000"/>
	<testcase classname="TestRun" name="test_listaVacia" time="0.001"/>
	<testcase classname="TestRun" name="test_load_test_data" time="0.001"/>
	<testcase classname="TestRun" name="test_predict" time="0.001"/>
	<testcase classname="TestRun" name="test_predictWeight" time="0.000"/>
	<testcase classname="TestRun" name="test_preprocess" time="0.001"/>
	<system-out>
<![CDATA[setUpClass
setUp
test_crearCSV
---- end test ----
tearDown

setUp
test_generacionLista
---- end test ----
tearDown

setUp
test_listaT
---- end test ----
tearDown

setUp
test_listaVacia
---- end test ----
tearDown

setUp
test_load_test_data
---- end test ----
tearDown

setUp
test_predict
------------------------------
Loading and preprocessing test data...
------------------------------
---- end test ----
tearDown

setUp
test_predictWeight
------------------------------
Loading and preprocessing test data...
------------------------------
---- end test ----
tearDown

setUp
test_preprocess
---- end test ----
tearDown

tearDownClass
]]>	</system-out>
	<system-err>
<![CDATA[]]>	</system-err>
</testsuite>
